<?xml version="1.0" encoding="UTF-8" ?>
<testsuite failures="0" time="0.026" errors="0" skipped="0" tests="1" name="edu.washington.cs.NewsScraper.AppTest">
  <properties>
    <property name="java.runtime.name" value="Java(TM) SE Runtime Environment"/>
    <property name="sun.boot.library.path" value="/home/isphrazy/Programs/Java/jdk1.7.0_03/jre/lib/i386"/>
    <property name="java.vm.version" value="22.1-b02"/>
    <property name="java.vm.vendor" value="Oracle Corporation"/>
    <property name="java.vendor.url" value="http://java.oracle.com/"/>
    <property name="path.separator" value=":"/>
    <property name="java.vm.name" value="Java HotSpot(TM) Server VM"/>
    <property name="file.encoding.pkg" value="sun.io"/>
    <property name="user.country" value="US"/>
    <property name="sun.java.launcher" value="SUN_STANDARD"/>
    <property name="sun.os.patch.level" value="unknown"/>
    <property name="java.vm.specification.name" value="Java Virtual Machine Specification"/>
    <property name="user.dir" value="/mnt/hgfs/f/study/UniversityOfWashington/cse/MyProjects/NewsScraper/NewsScraper"/>
    <property name="java.runtime.version" value="1.7.0_03-b04"/>
    <property name="java.awt.graphicsenv" value="sun.awt.X11GraphicsEnvironment"/>
    <property name="basedir" value="/mnt/hgfs/f/study/UniversityOfWashington/cse/MyProjects/NewsScraper/NewsScraper"/>
    <property name="java.endorsed.dirs" value="/home/isphrazy/Programs/Java/jdk1.7.0_03/jre/lib/endorsed"/>
    <property name="os.arch" value="i386"/>
    <property name="surefire.real.class.path" value="/tmp/surefirebooter2993531762781105622.jar"/>
    <property name="java.io.tmpdir" value="/tmp"/>
    <property name="line.separator" value="
"/>
    <property name="java.vm.specification.vendor" value="Oracle Corporation"/>
    <property name="os.name" value="Linux"/>
    <property name="sun.jnu.encoding" value="UTF-8"/>
    <property name="java.library.path" value="/usr/java/packages/lib/i386:/lib:/usr/lib"/>
    <property name="surefire.test.class.path" value="/mnt/hgfs/f/study/UniversityOfWashington/cse/MyProjects/NewsScraper/NewsScraper/target/test-classes:/mnt/hgfs/f/study/UniversityOfWashington/cse/MyProjects/NewsScraper/NewsScraper/target/classes:/home/isphrazy/.m2/repository/junit/junit/3.8.1/junit-3.8.1.jar:/home/isphrazy/.m2/repository/org/apache/httpcomponents/httpcore/4.1.4/httpcore-4.1.4.jar:/home/isphrazy/.m2/repository/org/jsoup/jsoup/1.6.2/jsoup-1.6.2.jar:/home/isphrazy/.m2/repository/com/google/code/gson/gson/2.1/gson-2.1.jar:/home/isphrazy/.m2/repository/org/apache/commons/commons-lang3/3.1/commons-lang3-3.1.jar:/home/isphrazy/.m2/repository/org/json/json/20090211/json-20090211.jar:"/>
    <property name="java.specification.name" value="Java Platform API Specification"/>
    <property name="java.class.version" value="51.0"/>
    <property name="sun.management.compiler" value="HotSpot Tiered Compilers"/>
    <property name="os.version" value="3.0.0-17-generic-pae"/>
    <property name="user.home" value="/home/isphrazy"/>
    <property name="user.timezone" value=""/>
    <property name="java.awt.printerjob" value="sun.print.PSPrinterJob"/>
    <property name="file.encoding" value="UTF-8"/>
    <property name="java.specification.version" value="1.7"/>
    <property name="user.name" value="isphrazy"/>
    <property name="java.class.path" value="/mnt/hgfs/f/study/UniversityOfWashington/cse/MyProjects/NewsScraper/NewsScraper/target/test-classes:/mnt/hgfs/f/study/UniversityOfWashington/cse/MyProjects/NewsScraper/NewsScraper/target/classes:/home/isphrazy/.m2/repository/junit/junit/3.8.1/junit-3.8.1.jar:/home/isphrazy/.m2/repository/org/apache/httpcomponents/httpcore/4.1.4/httpcore-4.1.4.jar:/home/isphrazy/.m2/repository/org/jsoup/jsoup/1.6.2/jsoup-1.6.2.jar:/home/isphrazy/.m2/repository/com/google/code/gson/gson/2.1/gson-2.1.jar:/home/isphrazy/.m2/repository/org/apache/commons/commons-lang3/3.1/commons-lang3-3.1.jar:/home/isphrazy/.m2/repository/org/json/json/20090211/json-20090211.jar:"/>
    <property name="java.vm.specification.version" value="1.7"/>
    <property name="sun.arch.data.model" value="32"/>
    <property name="java.home" value="/home/isphrazy/Programs/Java/jdk1.7.0_03/jre"/>
    <property name="sun.java.command" value="/tmp/surefirebooter2993531762781105622.jar /tmp/surefire2859957788526972478tmp /tmp/surefire6795958150169165422tmp"/>
    <property name="java.specification.vendor" value="Oracle Corporation"/>
    <property name="user.language" value="en"/>
    <property name="awt.toolkit" value="sun.awt.X11.XToolkit"/>
    <property name="java.vm.info" value="mixed mode"/>
    <property name="java.version" value="1.7.0_03"/>
    <property name="java.ext.dirs" value="/home/isphrazy/Programs/Java/jdk1.7.0_03/jre/lib/ext:/usr/java/packages/lib/ext"/>
    <property name="sun.boot.class.path" value="/home/isphrazy/Programs/Java/jdk1.7.0_03/jre/lib/resources.jar:/home/isphrazy/Programs/Java/jdk1.7.0_03/jre/lib/rt.jar:/home/isphrazy/Programs/Java/jdk1.7.0_03/jre/lib/sunrsasign.jar:/home/isphrazy/Programs/Java/jdk1.7.0_03/jre/lib/jsse.jar:/home/isphrazy/Programs/Java/jdk1.7.0_03/jre/lib/jce.jar:/home/isphrazy/Programs/Java/jdk1.7.0_03/jre/lib/charsets.jar:/home/isphrazy/Programs/Java/jdk1.7.0_03/jre/classes"/>
    <property name="java.vendor" value="Oracle Corporation"/>
    <property name="localRepository" value="/home/isphrazy/.m2/repository"/>
    <property name="file.separator" value="/"/>
    <property name="java.vendor.url.bug" value="http://bugreport.sun.com/bugreport/"/>
    <property name="sun.cpu.endian" value="little"/>
    <property name="sun.io.unicode.encoding" value="UnicodeLittle"/>
    <property name="sun.desktop" value="gnome"/>
    <property name="sun.cpu.isalist" value=""/>
  </properties>
  <testcase time="0.002" classname="edu.washington.cs.NewsScraper.AppTest" name="testApp"/>
</testsuite>